<?xml version="1.0" encoding="UTF-8"?>
<!-- Generated by org.testng.reporters.JUnitReportReporter -->
<testsuite hostname="Paresh" failures="0" tests="1" name="testfolderdelete" time="0.011" errors="0" timestamp="2024-04-08T12:39:05 IST" skipped="0">
  <testcase classname="testfolderdelete" name="delete" time="0.011"/>
</testsuite> <!-- testfolderdelete -->
