<?xml version="1.0" encoding="UTF-8"?>
<!-- Generated by org.testng.reporters.JUnitReportReporter -->
<testsuite hostname="Paresh" failures="0" tests="1" name="test" time="96.386" errors="0" timestamp="2024-10-09T11:40:56 IST" skipped="0">
  <testcase classname="test" name="open" time="96.386"/>
</testsuite> <!-- test -->
